<?xml version="1.0" encoding="UTF-8"?>
<testng-results ignored="0" total="2" passed="2" failed="0" skipped="0">
  <reporter-output>
  </reporter-output>
  <suite started-at="2021-08-29T14:24:49 CDT" name="Default suite" finished-at="2021-08-29T14:25:14 CDT" duration-ms="24648">
    <groups>
    </groups>
    <test started-at="2021-08-29T14:24:49 CDT" name="Default test" finished-at="2021-08-29T14:25:14 CDT" duration-ms="24648">
      <class name="variousConcepts.AddCustomerTestNG">
        <test-method is-config="true" signature="readConfig()[pri:0, instance:variousConcepts.AddCustomerTestNG@247d8ae]" started-at="2021-08-29T14:24:49 CDT" name="readConfig" finished-at="2021-08-29T14:24:49 CDT" duration-ms="17" status="PASS">
          <reporter-output>
          </reporter-output>
        </test-method> <!-- readConfig -->
        <test-method is-config="true" signature="init()[pri:0, instance:variousConcepts.AddCustomerTestNG@247d8ae]" started-at="2021-08-29T14:24:49 CDT" name="init" finished-at="2021-08-29T14:24:55 CDT" duration-ms="5441" status="PASS">
          <reporter-output>
          </reporter-output>
        </test-method> <!-- init -->
        <test-method signature="loginTest()[pri:1, instance:variousConcepts.AddCustomerTestNG@247d8ae]" started-at="2021-08-29T14:24:55 CDT" name="loginTest" finished-at="2021-08-29T14:24:58 CDT" duration-ms="3385" status="PASS">
          <reporter-output>
          </reporter-output>
        </test-method> <!-- loginTest -->
        <test-method is-config="true" signature="init()[pri:0, instance:variousConcepts.AddCustomerTestNG@247d8ae]" started-at="2021-08-29T14:24:58 CDT" name="init" finished-at="2021-08-29T14:25:04 CDT" duration-ms="6040" status="PASS">
          <reporter-output>
          </reporter-output>
        </test-method> <!-- init -->
        <test-method signature="AddCustomerTest()[pri:2, instance:variousConcepts.AddCustomerTestNG@247d8ae]" started-at="2021-08-29T14:25:04 CDT" name="AddCustomerTest" finished-at="2021-08-29T14:25:14 CDT" duration-ms="9652" status="PASS">
          <reporter-output>
          </reporter-output>
        </test-method> <!-- AddCustomerTest -->
      </class> <!-- variousConcepts.AddCustomerTestNG -->
    </test> <!-- Default test -->
  </suite> <!-- Default suite -->
</testng-results>
